0 info it worked if it ends with ok
1 verbose cli [ '/usr/bin/nodejs',
1 verbose cli   '/usr/local/bin/npm',
1 verbose cli   'install',
1 verbose cli   '-g',
1 verbose cli   'bower' ]
2 info using npm@3.5.2
3 info using node@v4.6.0
4 silly loadCurrentTree Starting
5 silly install loadCurrentTree
6 silly install readGlobalPackageData
7 silly fetchPackageMetaData bower
8 silly fetchNamedPackageData bower
9 silly mapToRegistry name bower
10 silly mapToRegistry using default registry
11 silly mapToRegistry registry https://registry.npmjs.org/
12 silly mapToRegistry uri https://registry.npmjs.org/bower
13 verbose request uri https://registry.npmjs.org/bower
14 verbose request no auth needed
15 info attempt registry request try #1 at 3:51:27 AM
16 verbose request id 14dd23280c6adb26
17 verbose etag "8IVDWHJRREN45CW9GXLV8Y5YA"
18 http request GET https://registry.npmjs.org/bower
19 http 200 https://registry.npmjs.org/bower
20 verbose headers { server: 'nginx/1.10.1',
20 verbose headers   'content-type': 'application/json',
20 verbose headers   'last-modified': 'Tue, 04 Jul 2017 13:27:03 GMT',
20 verbose headers   etag: 'W/"595b97a7-31f95"',
20 verbose headers   'content-encoding': 'gzip',
20 verbose headers   'cache-control': 'max-age=300',
20 verbose headers   'content-length': '17306',
20 verbose headers   'accept-ranges': 'bytes',
20 verbose headers   date: 'Tue, 04 Jul 2017 22:21:28 GMT',
20 verbose headers   via: '1.1 varnish',
20 verbose headers   age: '246',
20 verbose headers   connection: 'keep-alive',
20 verbose headers   'x-served-by': 'cache-ams4427-AMS',
20 verbose headers   'x-cache': 'HIT',
20 verbose headers   'x-cache-hits': '2',
20 verbose headers   'x-timer': 'S1499206888.283545,VS0,VE0',
20 verbose headers   vary: 'Accept-Encoding' }
21 silly get cb [ 200,
21 silly get   { server: 'nginx/1.10.1',
21 silly get     'content-type': 'application/json',
21 silly get     'last-modified': 'Tue, 04 Jul 2017 13:27:03 GMT',
21 silly get     etag: 'W/"595b97a7-31f95"',
21 silly get     'content-encoding': 'gzip',
21 silly get     'cache-control': 'max-age=300',
21 silly get     'content-length': '17306',
21 silly get     'accept-ranges': 'bytes',
21 silly get     date: 'Tue, 04 Jul 2017 22:21:28 GMT',
21 silly get     via: '1.1 varnish',
21 silly get     age: '246',
21 silly get     connection: 'keep-alive',
21 silly get     'x-served-by': 'cache-ams4427-AMS',
21 silly get     'x-cache': 'HIT',
21 silly get     'x-cache-hits': '2',
21 silly get     'x-timer': 'S1499206888.283545,VS0,VE0',
21 silly get     vary: 'Accept-Encoding' } ]
22 verbose get saving bower to /home/sarthakmeh/.npm/registry.npmjs.org/bower/.cache.json
23 silly install normalizeTree
24 silly loadCurrentTree Finishing
25 silly loadIdealTree Starting
26 silly install loadIdealTree
27 silly cloneCurrentTree Starting
28 silly install cloneCurrentTreeToIdealTree
29 silly cloneCurrentTree Finishing
30 silly loadShrinkwrap Starting
31 silly install loadShrinkwrap
32 silly loadShrinkwrap Finishing
33 silly loadAllDepsIntoIdealTree Starting
34 silly install loadAllDepsIntoIdealTree
35 silly resolveWithNewModule bower@1.8.0 checking installable status
36 silly cache add args [ 'bower', null ]
37 verbose cache add spec bower
38 silly cache add parsed spec Result {
38 silly cache add   raw: 'bower',
38 silly cache add   scope: null,
38 silly cache add   name: 'bower',
38 silly cache add   rawSpec: '',
38 silly cache add   spec: 'latest',
38 silly cache add   type: 'tag' }
39 silly addNamed bower@latest
40 verbose addNamed "latest" is being treated as a dist-tag for bower
41 info addNameTag [ 'bower', 'latest' ]
42 silly mapToRegistry name bower
43 silly mapToRegistry using default registry
44 silly mapToRegistry registry https://registry.npmjs.org/
45 silly mapToRegistry uri https://registry.npmjs.org/bower
46 verbose addNameTag registry:https://registry.npmjs.org/bower not in flight; fetching
47 verbose get https://registry.npmjs.org/bower not expired, no request
48 silly addNameTag next cb for bower with tag latest
49 silly addNamed bower@1.8.0
50 verbose addNamed "1.8.0" is a plain semver version for bower
51 warn deprecated bower@1.8.0: ..psst! While Bower is maintained, we recommend Yarn and Webpack for *new* front-end projects! Yarn's advantage is security and reliability, and Webpack's is support for both CommonJS and AMD projects. Currently there's no migration path, but please help to create it: https://github.com/bower/bower/issues/2467
52 silly mapToRegistry name bower
53 silly mapToRegistry using default registry
54 silly mapToRegistry registry https://registry.npmjs.org/
55 silly mapToRegistry uri https://registry.npmjs.org/bower
56 verbose addRemoteTarball https://registry.npmjs.org/bower/-/bower-1.8.0.tgz not in flight; adding
57 verbose addRemoteTarball [ 'https://registry.npmjs.org/bower/-/bower-1.8.0.tgz',
57 verbose addRemoteTarball   '55dbebef0ad9155382d9e9d3e497c1372345b44a' ]
58 info retry fetch attempt 1 at 3:51:28 AM
59 info attempt registry request try #1 at 3:51:28 AM
60 http fetch GET https://registry.npmjs.org/bower/-/bower-1.8.0.tgz
61 http fetch 200 https://registry.npmjs.org/bower/-/bower-1.8.0.tgz
62 silly fetchAndShaCheck shasum 55dbebef0ad9155382d9e9d3e497c1372345b44a
63 verbose addTmpTarball /tmp/npm-1262-508cc2d9/registry.npmjs.org/bower/-/bower-1.8.0.tgz not in flight; adding
64 verbose addTmpTarball already have metadata; skipping unpack for bower@1.8.0
65 silly cache afterAdd bower@1.8.0
66 verbose afterAdd /home/sarthakmeh/.npm/bower/1.8.0/package/package.json not in flight; writing
67 verbose afterAdd /home/sarthakmeh/.npm/bower/1.8.0/package/package.json written
68 silly loadAllDepsIntoIdealTree Finishing
69 silly idealTree:prePrune lib
69 silly idealTree:prePrune └── bower@1.8.0
70 silly loadIdealTree Finishing
71 silly currentTree lib
71 silly currentTree └── bower@1.7.9
72 silly idealTree lib
72 silly idealTree └── bower@1.8.0
73 silly generateActionsToTake Starting
74 silly install generateActionsToTake
75 warn checkPermissions Missing write access to /usr/lib/node_modules/bower
76 warn checkPermissions Missing write access to /usr/lib/node_modules
77 silly rollbackFailedOptional Starting
78 silly rollbackFailedOptional Finishing
79 silly runTopLevelLifecycles Starting
80 silly runTopLevelLifecycles Finishing
81 silly install printInstalled
82 verbose stack Error: EACCES: permission denied, access '/usr/lib/node_modules/bower'
82 verbose stack     at Error (native)
83 verbose cwd /home/sarthakmeh/Documents/Git/valianceAnalytics/analytics/twitterAnalytics
84 error Linux 4.4.0-42-generic
85 error argv "/usr/bin/nodejs" "/usr/local/bin/npm" "install" "-g" "bower"
86 error node v4.6.0
87 error npm  v3.5.2
88 error path /usr/lib/node_modules/bower
89 error code EACCES
90 error errno -13
91 error syscall access
92 error Error: EACCES: permission denied, access '/usr/lib/node_modules/bower'
92 error     at Error (native)
92 error  { [Error: EACCES: permission denied, access '/usr/lib/node_modules/bower']
92 error   errno: -13,
92 error   code: 'EACCES',
92 error   syscall: 'access',
92 error   path: '/usr/lib/node_modules/bower' }
93 error Please try running this command again as root/Administrator.
94 verbose exit [ -13, true ]
